<?xml version="1.0" encoding="UTF-8"?>
<testng-results ignored="0" total="4" passed="3" failed="1" skipped="0">
  <reporter-output>
  </reporter-output>
  <suite started-at="2022-12-16T14:56:03 IST" name="Default suite" finished-at="2022-12-16T14:56:18 IST" duration-ms="15534">
    <groups>
    </groups>
    <test started-at="2022-12-16T14:56:03 IST" name="Default test" finished-at="2022-12-16T14:56:18 IST" duration-ms="15534">
      <class name="TestNG_Revision.Revision">
        <test-method is-config="true" signature="BrowserLanch()[pri:0, instance:TestNG_Revision.Revision@368247b9]" started-at="2022-12-16T14:56:03 IST" name="BrowserLanch" finished-at="2022-12-16T14:56:09 IST" duration-ms="6413" status="PASS">
          <reporter-output>
          </reporter-output>
        </test-method> <!-- BrowserLanch -->
        <test-method signature="GetURL()[pri:-1, instance:TestNG_Revision.Revision@368247b9]" started-at="2022-12-16T14:56:09 IST" name="GetURL" finished-at="2022-12-16T14:56:14 IST" duration-ms="4655" status="PASS">
          <reporter-output>
          </reporter-output>
        </test-method> <!-- GetURL -->
        <test-method signature="clickelement()[pri:1, instance:TestNG_Revision.Revision@368247b9]" started-at="2022-12-16T14:56:14 IST" name="clickelement" finished-at="2022-12-16T14:56:14 IST" duration-ms="218" status="PASS">
          <reporter-output>
          </reporter-output>
        </test-method> <!-- clickelement -->
        <test-method signature="clickTestbox()[pri:2, instance:TestNG_Revision.Revision@368247b9]" started-at="2022-12-16T14:56:14 IST" name="clickTestbox" finished-at="2022-12-16T14:56:14 IST" duration-ms="112" status="PASS">
          <reporter-output>
          </reporter-output>
        </test-method> <!-- clickTestbox -->
        <test-method signature="EnterDetails()[pri:3, instance:TestNG_Revision.Revision@368247b9]" started-at="2022-12-16T14:56:14 IST" name="EnterDetails" finished-at="2022-12-16T14:56:18 IST" duration-ms="4026" status="FAIL">
          <exception class="org.openqa.selenium.ElementClickInterceptedException">
            <message>
              <![CDATA[element click intercepted: Element <button id="submit" type="button" class="btn btn-primary">...</button> is not clickable at point (1078, 689). Other element would receive the click: <iframe id="google_ads_iframe_/21849154601,22343295815/Ad.Plus-Anchor_0" name="google_ads_iframe_/21849154601,22343295815/Ad.Plus-Anchor_0" title="3rd party ad content" width="970" height="100" scrolling="no" marginwidth="0" marginheight="0" frameborder="0" role="region" aria-label="Advertisement" tabindex="0" sandbox="allow-forms allow-popups allow-popups-to-escape-sandbox allow-same-origin allow-scripts allow-top-navigation-by-user-activation" style="border: 0px; vertical-align: bottom;" data-load-complete="true" data-google-container-id="1"></iframe>
  (Session info: chrome=108.0.5359.100)
Build info: version: '4.7.2', revision: '4d4020c3b7'
System info: os.name: 'Windows 10', os.arch: 'amd64', os.version: '10.0', java.version: '17.0.4.1'
Driver info: org.openqa.selenium.chrome.ChromeDriver
Command: [2e91ba3e37b1083c8ff46fa90e07cd39, clickElement {id=bd8002bc-f6b8-424f-a72c-b7b69e562d49}]
Capabilities {acceptInsecureCerts: false, browserName: chrome, browserVersion: 108.0.5359.100, chrome: {chromedriverVersion: 108.0.5359.71 (1e0e3868ee06..., userDataDir: C:\Users\ADMIN\AppData\Loca...}, goog:chromeOptions: {debuggerAddress: localhost:50817}, networkConnectionEnabled: false, pageLoadStrategy: normal, platformName: WINDOWS, proxy: Proxy(), se:cdp: ws://localhost:50817/devtoo..., se:cdpVersion: 108.0.5359.100, setWindowRect: true, strictFileInteractability: false, timeouts: {implicit: 0, pageLoad: 300000, script: 30000}, unhandledPromptBehavior: dismiss and notify, webauthn:extension:credBlob: true, webauthn:extension:largeBlob: true, webauthn:virtualAuthenticators: true}
Element: [[ChromeDriver: chrome on WINDOWS (2e91ba3e37b1083c8ff46fa90e07cd39)] -> css selector: #submit]
Session ID: 2e91ba3e37b1083c8ff46fa90e07cd39]]>
            </message>
            <full-stacktrace>
              <![CDATA[org.openqa.selenium.ElementClickInterceptedException: element click intercepted: Element <button id="submit" type="button" class="btn btn-primary">...</button> is not clickable at point (1078, 689). Other element would receive the click: <iframe id="google_ads_iframe_/21849154601,22343295815/Ad.Plus-Anchor_0" name="google_ads_iframe_/21849154601,22343295815/Ad.Plus-Anchor_0" title="3rd party ad content" width="970" height="100" scrolling="no" marginwidth="0" marginheight="0" frameborder="0" role="region" aria-label="Advertisement" tabindex="0" sandbox="allow-forms allow-popups allow-popups-to-escape-sandbox allow-same-origin allow-scripts allow-top-navigation-by-user-activation" style="border: 0px; vertical-align: bottom;" data-load-complete="true" data-google-container-id="1"></iframe>
  (Session info: chrome=108.0.5359.100)
Build info: version: '4.7.2', revision: '4d4020c3b7'
System info: os.name: 'Windows 10', os.arch: 'amd64', os.version: '10.0', java.version: '17.0.4.1'
Driver info: org.openqa.selenium.chrome.ChromeDriver
Command: [2e91ba3e37b1083c8ff46fa90e07cd39, clickElement {id=bd8002bc-f6b8-424f-a72c-b7b69e562d49}]
Capabilities {acceptInsecureCerts: false, browserName: chrome, browserVersion: 108.0.5359.100, chrome: {chromedriverVersion: 108.0.5359.71 (1e0e3868ee06..., userDataDir: C:\Users\ADMIN\AppData\Loca...}, goog:chromeOptions: {debuggerAddress: localhost:50817}, networkConnectionEnabled: false, pageLoadStrategy: normal, platformName: WINDOWS, proxy: Proxy(), se:cdp: ws://localhost:50817/devtoo..., se:cdpVersion: 108.0.5359.100, setWindowRect: true, strictFileInteractability: false, timeouts: {implicit: 0, pageLoad: 300000, script: 30000}, unhandledPromptBehavior: dismiss and notify, webauthn:extension:credBlob: true, webauthn:extension:largeBlob: true, webauthn:virtualAuthenticators: true}
Element: [[ChromeDriver: chrome on WINDOWS (2e91ba3e37b1083c8ff46fa90e07cd39)] -> css selector: #submit]
Session ID: 2e91ba3e37b1083c8ff46fa90e07cd39
at java.base/jdk.internal.reflect.NativeConstructorAccessorImpl.newInstance0(Native Method)
at java.base/jdk.internal.reflect.NativeConstructorAccessorImpl.newInstance(NativeConstructorAccessorImpl.java:77)
at java.base/jdk.internal.reflect.DelegatingConstructorAccessorImpl.newInstance(DelegatingConstructorAccessorImpl.java:45)
at java.base/java.lang.reflect.Constructor.newInstanceWithCaller(Constructor.java:499)
at java.base/java.lang.reflect.Constructor.newInstance(Constructor.java:480)
at org.openqa.selenium.remote.codec.w3c.W3CHttpResponseCodec.createException(W3CHttpResponseCodec.java:200)
at org.openqa.selenium.remote.codec.w3c.W3CHttpResponseCodec.decode(W3CHttpResponseCodec.java:133)
at org.openqa.selenium.remote.codec.w3c.W3CHttpResponseCodec.decode(W3CHttpResponseCodec.java:53)
at org.openqa.selenium.remote.HttpCommandExecutor.execute(HttpCommandExecutor.java:184)
at org.openqa.selenium.remote.service.DriverCommandExecutor.invokeExecute(DriverCommandExecutor.java:167)
at org.openqa.selenium.remote.service.DriverCommandExecutor.execute(DriverCommandExecutor.java:142)
at org.openqa.selenium.remote.RemoteWebDriver.execute(RemoteWebDriver.java:535)
at org.openqa.selenium.remote.RemoteWebElement.execute(RemoteWebElement.java:257)
at org.openqa.selenium.remote.RemoteWebElement.click(RemoteWebElement.java:78)
at TestNG_Revision.Revision.EnterDetails(Revision.java:31)
at java.base/jdk.internal.reflect.NativeMethodAccessorImpl.invoke0(Native Method)
at java.base/jdk.internal.reflect.NativeMethodAccessorImpl.invoke(NativeMethodAccessorImpl.java:77)
at java.base/jdk.internal.reflect.DelegatingMethodAccessorImpl.invoke(DelegatingMethodAccessorImpl.java:43)
at java.base/java.lang.reflect.Method.invoke(Method.java:568)
at org.testng.internal.invokers.MethodInvocationHelper.invokeMethod(MethodInvocationHelper.java:139)
at org.testng.internal.invokers.TestInvoker.invokeMethod(TestInvoker.java:677)
at org.testng.internal.invokers.TestInvoker.invokeTestMethod(TestInvoker.java:221)
at org.testng.internal.invokers.MethodRunner.runInSequence(MethodRunner.java:50)
at org.testng.internal.invokers.TestInvoker$MethodInvocationAgent.invoke(TestInvoker.java:969)
at org.testng.internal.invokers.TestInvoker.invokeTestMethods(TestInvoker.java:194)
at org.testng.internal.invokers.TestMethodWorker.invokeTestMethods(TestMethodWorker.java:148)
at org.testng.internal.invokers.TestMethodWorker.run(TestMethodWorker.java:128)
at java.base/java.util.ArrayList.forEach(ArrayList.java:1511)
at org.testng.TestRunner.privateRun(TestRunner.java:829)
at org.testng.TestRunner.run(TestRunner.java:602)
at org.testng.SuiteRunner.runTest(SuiteRunner.java:437)
at org.testng.SuiteRunner.runSequentially(SuiteRunner.java:431)
at org.testng.SuiteRunner.privateRun(SuiteRunner.java:391)
at org.testng.SuiteRunner.run(SuiteRunner.java:330)
at org.testng.SuiteRunnerWorker.runSuite(SuiteRunnerWorker.java:52)
at org.testng.SuiteRunnerWorker.run(SuiteRunnerWorker.java:95)
at org.testng.TestNG.runSuitesSequentially(TestNG.java:1256)
at org.testng.TestNG.runSuitesLocally(TestNG.java:1176)
at org.testng.TestNG.runSuites(TestNG.java:1099)
at org.testng.TestNG.run(TestNG.java:1067)
at org.testng.remote.AbstractRemoteTestNG.run(AbstractRemoteTestNG.java:115)
at org.testng.remote.RemoteTestNG.initAndRun(RemoteTestNG.java:251)
at org.testng.remote.RemoteTestNG.main(RemoteTestNG.java:77)
]]>
            </full-stacktrace>
          </exception> <!-- org.openqa.selenium.ElementClickInterceptedException -->
          <reporter-output>
          </reporter-output>
        </test-method> <!-- EnterDetails -->
      </class> <!-- TestNG_Revision.Revision -->
    </test> <!-- Default test -->
  </suite> <!-- Default suite -->
</testng-results>
