<?xml version="1.0" encoding="UTF-8"?>
<testng-results ignored="0" total="1" passed="0" failed="1" skipped="0">
  <reporter-output>
  </reporter-output>
  <suite started-at="2022-12-23T15:57:43 IST" name="Default suite" finished-at="2022-12-23T15:57:56 IST" duration-ms="12457">
    <groups>
    </groups>
    <test started-at="2022-12-23T15:57:43 IST" name="Default test" finished-at="2022-12-23T15:57:56 IST" duration-ms="12457">
      <class name="com.framework.testcases.Logintestcase">
        <test-method is-config="true" signature="Setup()[pri:0, instance:com.framework.testcases.Logintestcase@1de5f259]" started-at="2022-12-23T15:57:43 IST" name="Setup" finished-at="2022-12-23T15:57:48 IST" duration-ms="5109" status="PASS">
          <reporter-output>
          </reporter-output>
        </test-method> <!-- Setup -->
        <test-method signature="Testcase()[pri:0, instance:com.framework.testcases.Logintestcase@1de5f259]" started-at="2022-12-23T15:57:48 IST" name="Testcase" finished-at="2022-12-23T15:57:49 IST" duration-ms="469" status="FAIL">
          <exception class="java.lang.NoSuchFieldError">
            <message>
              <![CDATA[Factory]]>
            </message>
            <full-stacktrace>
              <![CDATA[java.lang.NoSuchFieldError: Factory
at org.apache.poi.xssf.model.ThemesTable.readFrom(ThemesTable.java:119)
at org.apache.poi.xssf.model.ThemesTable.<init>(ThemesTable.java:87)
at org.apache.poi.ooxml.POIXMLFactory.createDocumentPart(POIXMLFactory.java:61)
at org.apache.poi.ooxml.POIXMLDocumentPart.read(POIXMLDocumentPart.java:661)
at org.apache.poi.ooxml.POIXMLDocument.load(POIXMLDocument.java:165)
at org.apache.poi.xssf.usermodel.XSSFWorkbook.<init>(XSSFWorkbook.java:259)
at org.apache.poi.xssf.usermodel.XSSFWorkbook.<init>(XSSFWorkbook.java:289)
at org.apache.poi.xssf.usermodel.XSSFWorkbook.<init>(XSSFWorkbook.java:285)
at com.framework.utility.ExcelDataProvider.<init>(ExcelDataProvider.java:18)
at com.framework.testcases.Logintestcase.Testcase(Logintestcase.java:15)
at java.base/jdk.internal.reflect.NativeMethodAccessorImpl.invoke0(Native Method)
at java.base/jdk.internal.reflect.NativeMethodAccessorImpl.invoke(NativeMethodAccessorImpl.java:77)
at java.base/jdk.internal.reflect.DelegatingMethodAccessorImpl.invoke(DelegatingMethodAccessorImpl.java:43)
at java.base/java.lang.reflect.Method.invoke(Method.java:568)
at org.testng.internal.MethodInvocationHelper.invokeMethod(MethodInvocationHelper.java:133)
at org.testng.internal.TestInvoker.invokeMethod(TestInvoker.java:598)
at org.testng.internal.TestInvoker.invokeTestMethod(TestInvoker.java:173)
at org.testng.internal.MethodRunner.runInSequence(MethodRunner.java:46)
at org.testng.internal.TestInvoker$MethodInvocationAgent.invoke(TestInvoker.java:824)
at org.testng.internal.TestInvoker.invokeTestMethods(TestInvoker.java:146)
at org.testng.internal.TestMethodWorker.invokeTestMethods(TestMethodWorker.java:146)
at org.testng.internal.TestMethodWorker.run(TestMethodWorker.java:128)
at java.base/java.util.ArrayList.forEach(ArrayList.java:1511)
at org.testng.TestRunner.privateRun(TestRunner.java:794)
at org.testng.TestRunner.run(TestRunner.java:596)
at org.testng.SuiteRunner.runTest(SuiteRunner.java:377)
at org.testng.SuiteRunner.runSequentially(SuiteRunner.java:371)
at org.testng.SuiteRunner.privateRun(SuiteRunner.java:332)
at org.testng.SuiteRunner.run(SuiteRunner.java:276)
at org.testng.SuiteRunnerWorker.runSuite(SuiteRunnerWorker.java:53)
at org.testng.SuiteRunnerWorker.run(SuiteRunnerWorker.java:96)
at org.testng.TestNG.runSuitesSequentially(TestNG.java:1212)
at org.testng.TestNG.runSuitesLocally(TestNG.java:1134)
at org.testng.TestNG.runSuites(TestNG.java:1063)
at org.testng.TestNG.run(TestNG.java:1031)
at org.testng.remote.AbstractRemoteTestNG.run(AbstractRemoteTestNG.java:115)
at org.testng.remote.RemoteTestNG.initAndRun(RemoteTestNG.java:251)
at org.testng.remote.RemoteTestNG.main(RemoteTestNG.java:77)
]]>
            </full-stacktrace>
          </exception> <!-- java.lang.NoSuchFieldError -->
          <reporter-output>
          </reporter-output>
        </test-method> <!-- Testcase -->
        <test-method is-config="true" signature="close()[pri:0, instance:com.framework.testcases.Logintestcase@1de5f259]" started-at="2022-12-23T15:57:49 IST" name="close" finished-at="2022-12-23T15:57:56 IST" duration-ms="6806" status="PASS">
          <reporter-output>
          </reporter-output>
        </test-method> <!-- close -->
      </class> <!-- com.framework.testcases.Logintestcase -->
    </test> <!-- Default test -->
  </suite> <!-- Default suite -->
</testng-results>
